<?xml version="1.0" encoding="UTF-8"?>
<testng-results skipped="0" failed="0" ignored="0" total="1" passed="1">
  <reporter-output>
  </reporter-output>
  <suite name="Web Test Suite" duration-ms="35512" started-at="2019-06-02T21:59:48Z" finished-at="2019-06-02T22:00:24Z">
    <groups>
      <group name="admin">
        <method signature="Tours.testTabTours(org.testng.ITestContext)[pri:0, instance:com.romanceabroad.ui.Tours@5594a1b5]" name="testTabTours" class="com.romanceabroad.ui.Tours"/>
      </group> <!-- admin -->
    </groups>
    <test name="ChromeTestCases" duration-ms="35512" started-at="2019-06-02T21:59:48Z" finished-at="2019-06-02T22:00:24Z">
      <class name="com.romanceabroad.ui.Tours">
        <test-method status="PASS" signature="setup(java.lang.String, java.lang.String, java.lang.String, java.lang.reflect.Method)[pri:0, instance:com.romanceabroad.ui.Tours@5594a1b5]" name="setup" is-config="true" duration-ms="14774" started-at="2019-06-02T21:59:48Z" finished-at="2019-06-02T22:00:03Z">
          <params>
            <param index="0">
              <value>
                <![CDATA[chrome]]>
              </value>
            </param>
            <param index="1">
              <value>
                <![CDATA[web]]>
              </value>
            </param>
            <param index="2">
              <value is-null="true"/>
            </param>
            <param index="3">
              <value>
                <![CDATA[public void com.romanceabroad.ui.Tours.testTabTours(org.testng.ITestContext)]]>
              </value>
            </param>
          </params>
          <reporter-output>
          </reporter-output>
        </test-method> <!-- setup -->
        <test-method status="PASS" signature="testTabTours(org.testng.ITestContext)[pri:0, instance:com.romanceabroad.ui.Tours@5594a1b5]" name="testTabTours" duration-ms="20079" started-at="2019-06-02T22:00:03Z" finished-at="2019-06-02T22:00:23Z">
          <params>
            <param index="0">
              <value>
                <![CDATA[org.testng.TestRunner@1807e3f6]]>
              </value>
            </param>
          </params>
          <reporter-output>
          </reporter-output>
        </test-method> <!-- testTabTours -->
        <test-method status="PASS" signature="tearDown(org.testng.ITestResult)[pri:0, instance:com.romanceabroad.ui.Tours@5594a1b5]" name="tearDown" is-config="true" duration-ms="569" started-at="2019-06-02T22:00:23Z" finished-at="2019-06-02T22:00:24Z">
          <params>
            <param index="0">
              <value>
                <![CDATA[[TestResult name=testTabTours status=SUCCESS method=Tours.testTabTours(org.testng.ITestContext)[pri:0, instance:com.romanceabroad.ui.Tours@5594a1b5] output={null}]]]>
              </value>
            </param>
          </params>
          <reporter-output>
          </reporter-output>
        </test-method> <!-- tearDown -->
      </class> <!-- com.romanceabroad.ui.Tours -->
    </test> <!-- ChromeTestCases -->
  </suite> <!-- Web Test Suite -->
</testng-results>
